<?xml version="1.0" encoding="UTF-8"?>
<!-- Generated by org.testng.reporters.JUnitReportReporter -->
<testsuite hostname="SALMAN_SUMMI_PC" failures="0" tests="3" name="files.DynamicJSON" time="3.694" errors="0" timestamp="2025-06-04T02:27:10 CDT" skipped="0">
  <testcase classname="files.DynamicJSON" name="addbook" time="2.428"/>
  <testcase classname="files.DynamicJSON" name="addbook" time="0.651"/>
  <testcase classname="files.DynamicJSON" name="addbook" time="0.615"/>
</testsuite> <!-- files.DynamicJSON -->
