<?xml version="1.0" encoding="UTF-8"?>
<!-- Generated by org.testng.reporters.JUnitReportReporter -->
<testsuite hostname="SALMAN_SUMMI_PC" failures="0" tests="1" name="Start.SumValidation" time="1.031" errors="0" timestamp="2025-06-02T16:23:08 CDT" skipped="0">
  <testcase classname="Start.SumValidation" name="sumvalidation" time="1.031"/>
</testsuite> <!-- Start.SumValidation -->
