<?xml version="1.0" encoding="UTF-8"?>
<!-- Generated by org.testng.reporters.JUnitReportReporter -->
<testsuite hostname="Mac.attlocal.net" failures="0" tests="3" name="files.DynamicJSON" time="2.671" errors="0" timestamp="2025-06-23T16:03:47 CDT" skipped="0">
  <testcase classname="files.DynamicJSON" name="addbook" time="0.714"/>
  <testcase classname="files.DynamicJSON" name="addbook" time="1.205"/>
  <testcase classname="files.DynamicJSON" name="addbook" time="0.752"/>
</testsuite> <!-- files.DynamicJSON -->
